\BOOKMARK [1][-]{section.1}{Maple}{}% 1
\BOOKMARK [2][-]{subsection.1.1}{Dezimalbereich}{section.1}% 2
\BOOKMARK [2][-]{subsection.1.2}{Numerische Werte}{section.1}% 3
\BOOKMARK [2][-]{subsection.1.3}{Intervalle}{section.1}% 4
\BOOKMARK [2][-]{subsection.1.4}{Buffer verwenden}{section.1}% 5
\BOOKMARK [2][-]{subsection.1.5}{Vereinfachen}{section.1}% 6
\BOOKMARK [2][-]{subsection.1.6}{Faktorisieren}{section.1}% 7
\BOOKMARK [2][-]{subsection.1.7}{Ausmultiplizieren}{section.1}% 8
\BOOKMARK [2][-]{subsection.1.8}{Kreiszahl}{section.1}% 9
\BOOKMARK [2][-]{subsection.1.9}{Euler'sche Zahl}{section.1}% 10
\BOOKMARK [2][-]{subsection.1.10}{Annahmen}{section.1}% 11
\BOOKMARK [2][-]{subsection.1.11}{Funktionen}{section.1}% 12
\BOOKMARK [3][-]{subsubsection.1.11.1}{St\374ckweise Definitionen}{subsection.1.11}% 13
\BOOKMARK [3][-]{subsubsection.1.11.2}{Summen}{subsection.1.11}% 14
\BOOKMARK [2][-]{subsection.1.12}{Gleichungen l\366sen}{section.1}% 15
\BOOKMARK [3][-]{subsubsection.1.12.1}{Symbolisch}{subsection.1.12}% 16
\BOOKMARK [3][-]{subsubsection.1.12.2}{Numerisch}{subsection.1.12}% 17
\BOOKMARK [2][-]{subsection.1.13}{Parameter zuweisen}{section.1}% 18
\BOOKMARK [2][-]{subsection.1.14}{Plotten}{section.1}% 19
\BOOKMARK [3][-]{subsubsection.1.14.1}{Gew\366hnlicher Plot}{subsection.1.14}% 20
